<?xml version="1.0" encoding="UTF-8"?>
<!-- Generated by org.testng.reporters.JUnitXMLReporter -->
<testsuite ignored="2" hostname="apmosyslt0153" failures="1" tests="1" name="Default test" time="52.787" errors="0" timestamp="2026-05-28T12:34:45 IST">
  <testcase classname="text.LoginTest2" name="logintest1" time="45.977">
    <failure type="com.microsoft.playwright.TimeoutError" message="Error {
  message=&amp;apos;Timeout 30000ms exceeded.
  name=&amp;apos;TimeoutError
  stack=&amp;apos;TimeoutError: Timeout 30000ms exceeded.
    at ProgressController.run (/tmp/playwright-java-11951431972810196069/package/lib/server/progress.js:92:28)
    at FrameDispatcher._runCommand (/tmp/playwright-java-11951431972810196069/package/lib/server/dispatchers/dispatcher.js:91:31)
    at DispatcherConnection.dispatch (/tmp/playwright-java-11951431972810196069/package/lib/server/dispatchers/dispatcher.js:325:39)
}
Call log:
-   - waiting for locator(&amp;quot;//span[text()=&amp;apos;Time&amp;apos;]&amp;quot;)
">
      <![CDATA[com.microsoft.playwright.TimeoutError: Error {
  message='Timeout 30000ms exceeded.
  name='TimeoutError
  stack='TimeoutError: Timeout 30000ms exceeded.
    at ProgressController.run (/tmp/playwright-java-11951431972810196069/package/lib/server/progress.js:92:28)
    at FrameDispatcher._runCommand (/tmp/playwright-java-11951431972810196069/package/lib/server/dispatchers/dispatcher.js:91:31)
    at DispatcherConnection.dispatch (/tmp/playwright-java-11951431972810196069/package/lib/server/dispatchers/dispatcher.js:325:39)
}
Call log:
-   - waiting for locator("//span[text()='Time']")

at com.microsoft.playwright.impl.WaitableResult.get(WaitableResult.java:52)
at com.microsoft.playwright.impl.ChannelOwner.runUntil(ChannelOwner.java:138)
at com.microsoft.playwright.impl.Connection.sendMessage(Connection.java:131)
at com.microsoft.playwright.impl.ChannelOwner.sendMessage(ChannelOwner.java:124)
at com.microsoft.playwright.impl.FrameImpl.clickImpl(FrameImpl.java:244)
at com.microsoft.playwright.impl.PageImpl.click(PageImpl.java:709)
at com.microsoft.playwright.Page.click(Page.java:4009)
at pages.HomePage.clickTimeLink(HomePage.java:15)
at text.LoginTest2.logintest1(LoginTest2.java:25)
at java.base/jdk.internal.reflect.DirectMethodHandleAccessor.invoke(DirectMethodHandleAccessor.java:103)
at java.base/java.lang.reflect.Method.invoke(Method.java:580)
at org.testng.internal.invokers.MethodInvocationHelper.invokeMethod(MethodInvocationHelper.java:141)
at org.testng.internal.invokers.TestInvoker.invokeMethod(TestInvoker.java:697)
at org.testng.internal.invokers.TestInvoker.invokeTestMethod(TestInvoker.java:230)
at org.testng.internal.invokers.MethodRunner.runInSequence(MethodRunner.java:63)
at org.testng.internal.invokers.TestInvoker$MethodInvocationAgent.invoke(TestInvoker.java:1005)
at org.testng.internal.invokers.TestInvoker.invokeTestMethods(TestInvoker.java:203)
at org.testng.internal.invokers.TestMethodWorker.invokeTestMethods(TestMethodWorker.java:154)
at org.testng.internal.invokers.TestMethodWorker.run(TestMethodWorker.java:134)
at java.base/java.util.ArrayList.forEach(ArrayList.java:1596)
at org.testng.TestRunner.privateRun(TestRunner.java:744)
at org.testng.TestRunner.run(TestRunner.java:616)
at org.testng.SuiteRunner.runTest(SuiteRunner.java:421)
at org.testng.SuiteRunner.runSequentially(SuiteRunner.java:413)
at org.testng.SuiteRunner.privateRun(SuiteRunner.java:373)
at org.testng.SuiteRunner.run(SuiteRunner.java:312)
at org.testng.SuiteRunnerWorker.runSuite(SuiteRunnerWorker.java:52)
at org.testng.SuiteRunnerWorker.run(SuiteRunnerWorker.java:95)
at org.testng.TestNG.runSuitesSequentially(TestNG.java:1274)
at org.testng.TestNG.runSuitesLocally(TestNG.java:1208)
at org.testng.TestNG.runSuites(TestNG.java:1112)
at org.testng.TestNG.run(TestNG.java:1079)
at org.testng.remote.AbstractRemoteTestNG.run(AbstractRemoteTestNG.java:115)
at org.testng.remote.RemoteTestNG.initAndRun(RemoteTestNG.java:293)
at org.testng.remote.RemoteTestNG.main(RemoteTestNG.java:91)
Caused by: com.microsoft.playwright.TimeoutError: Error {
  message='Timeout 30000ms exceeded.
  name='TimeoutError
  stack='TimeoutError: Timeout 30000ms exceeded.
    at ProgressController.run (/tmp/playwright-java-11951431972810196069/package/lib/server/progress.js:92:28)
    at FrameDispatcher._runCommand (/tmp/playwright-java-11951431972810196069/package/lib/server/dispatchers/dispatcher.js:91:31)
    at DispatcherConnection.dispatch (/tmp/playwright-java-11951431972810196069/package/lib/server/dispatchers/dispatcher.js:325:39)
}
Call log:
-   - waiting for locator("//span[text()='Time']")

at com.microsoft.playwright.impl.Connection.dispatch(Connection.java:257)
at com.microsoft.playwright.impl.Connection.processOneMessage(Connection.java:214)
at com.microsoft.playwright.impl.ChannelOwner.runUntil(ChannelOwner.java:136)
... 33 more
]]>
    </failure>
  </testcase> <!-- logintest1 -->
  <testcase classname="text.LoginTest2" name="logintest2" time="0.0">
    <ignored/>
  </testcase> <!-- logintest2 -->
  <testcase classname="text.LoginTest2" name="logintest3" time="0.0">
    <ignored/>
  </testcase> <!-- logintest3 -->
</testsuite> <!-- Default test -->
